app/build/outputs/logs/manifest-merger-arm7-debug-report.txt
-- Merging decision tree log ---
manifest
ADDED from src\main\AndroidManifest.xml:1:1-33:12
	package
		ADDED from src\main\AndroidManifest.xml:2:11-38
		INJECTED from src\main\AndroidManifest.xml
		INJECTED from src\main\AndroidManifest.xml
	android:versionName
		ADDED from src\main\AndroidManifest.xml:4:11-36
		INJECTED from src\main\AndroidManifest.xml
		INJECTED from src\main\AndroidManifest.xml
	android:versionCode
		ADDED from src\main\AndroidManifest.xml:3:11-34
		INJECTED from src\main\AndroidManifest.xml
		INJECTED from src\main\AndroidManifest.xml
	xmlns:android
		ADDED from src\main\AndroidManifest.xml:1:11-69
uses-feature#0x00020000
ADDED from src\main\AndroidManifest.xml:6:3-65
	android:glEsVersion
		ADDED from src\main\AndroidManifest.xml:6:17-49
uses-permission#android.permission.WRITE_EXTERNAL_STORAGE
ADDED from src\main\AndroidManifest.xml:7:3-95
	android:name
		ADDED from src\main\AndroidManifest.xml:7:20-76
application
ADDED from src\main\AndroidManifest.xml:9:3-32:17
	android:label
		ADDED from src\main\AndroidManifest.xml:14:7-39
	android:supportsRtl
		ADDED from src\main\AndroidManifest.xml:12:7-33
	android:fullBackupContent
		ADDED from src\main\AndroidManifest.xml:11:7-40
	android:allowBackup
		ADDED from src\main\AndroidManifest.xml:10:7-34
	android:icon
		ADDED from src\main\AndroidManifest.xml:13:7-41
	android:theme
		ADDED from src\main\AndroidManifest.xml:15:7-38
	android:name
		ADDED from src\main\AndroidManifest.xml:16:7-57
activity#com.sample.teapot.TeapotNativeActivity
ADDED from src\main\AndroidManifest.xml:21:5-31:16
	android:label
		ADDED from src\main\AndroidManifest.xml:22:15-47
	android:configChanges
		ADDED from src\main\AndroidManifest.xml:23:15-65
	android:name
		ADDED from src\main\AndroidManifest.xml:21:15-68
meta-data#android.app.lib_name
ADDED from src\main\AndroidManifest.xml:25:7-26:57
	android:value
		ADDED from src\main\AndroidManifest.xml:26:18-54
	android:name
		ADDED from src\main\AndroidManifest.xml:25:18-53
intent-filter#android.intent.action.MAIN+android.intent.category.LAUNCHER
ADDED from src\main\AndroidManifest.xml:27:7-30:23
action#android.intent.action.MAIN
ADDED from src\main\AndroidManifest.xml:28:9-61
	android:name
		ADDED from src\main\AndroidManifest.xml:28:17-58
category#android.intent.category.LAUNCHER
ADDED from src\main\AndroidManifest.xml:29:9-69
	android:name
		ADDED from src\main\AndroidManifest.xml:29:19-66
uses-sdk
INJECTED from src\main\AndroidManifest.xml reason: use-sdk injection requested
	android:targetSdkVersion
		INJECTED from src\main\AndroidManifest.xml
		INJECTED from src\main\AndroidManifest.xml
	android:minSdkVersion
		INJECTED from src\main\AndroidManifest.xml
		INJECTED from src\main\AndroidManifest.xml